# Logfile created on 2014-01-25 18:57:55 +1100 by logger.rb/44203
I, [2014-01-25T18:57:55.996929 #41851]  INFO -- : 0:  rack (1.5.2) from /Users/albertoforni/.rvm/gems/ruby-2.1.0/specifications/rack-1.5.2.gemspec
I, [2014-01-25T18:57:55.997484 #41851]  INFO -- : 0:  rack-protection (1.5.1) from /Users/albertoforni/.rvm/gems/ruby-2.1.0/specifications/rack-protection-1.5.1.gemspec
I, [2014-01-25T18:57:55.997908 #41851]  INFO -- : 0:  tilt (1.4.1) from /Users/albertoforni/.rvm/gems/ruby-2.1.0/specifications/tilt-1.4.1.gemspec
I, [2014-01-25T18:57:55.998309 #41851]  INFO -- : 0:  sinatra (1.4.4) from /Users/albertoforni/.rvm/gems/ruby-2.1.0/specifications/sinatra-1.4.4.gemspec
I, [2014-01-25T18:57:55.998705 #41851]  INFO -- : 0:  bundler (1.5.1) from /Users/albertoforni/.rvm/gems/ruby-2.1.0@global/specifications/bundler-1.5.1.gemspec
I, [2014-01-25T19:07:27.510471 #41973]  INFO -- : 0:  i18n (0.6.9) from /Users/albertoforni/.rvm/gems/ruby-2.1.0/specifications/i18n-0.6.9.gemspec
I, [2014-01-25T19:07:27.511033 #41973]  INFO -- : 0:  minitest (4.7.5) from /Users/albertoforni/.rvm/rubies/ruby-2.1.0/lib/ruby/gems/2.1.0/specifications/default/minitest-4.7.5.gemspec
I, [2014-01-25T19:07:27.511441 #41973]  INFO -- : 0:  multi_json (1.8.4) from /Users/albertoforni/.rvm/gems/ruby-2.1.0/specifications/multi_json-1.8.4.gemspec
I, [2014-01-25T19:07:27.512609 #41973]  INFO -- : 0:  atomic (1.1.14) from /Users/albertoforni/.rvm/gems/ruby-2.1.0/specifications/atomic-1.1.14.gemspec
I, [2014-01-25T19:07:27.513023 #41973]  INFO -- : 0:  thread_safe (0.1.3) from /Users/albertoforni/.rvm/gems/ruby-2.1.0/specifications/thread_safe-0.1.3.gemspec
I, [2014-01-25T19:07:27.513447 #41973]  INFO -- : 0:  tzinfo (0.3.38) from /Users/albertoforni/.rvm/gems/ruby-2.1.0/specifications/tzinfo-0.3.38.gemspec
I, [2014-01-25T19:07:27.513838 #41973]  INFO -- : 0:  activesupport (4.0.2) from /Users/albertoforni/.rvm/gems/ruby-2.1.0/specifications/activesupport-4.0.2.gemspec
I, [2014-01-25T19:07:27.514178 #41973]  INFO -- : 0:  builder (3.1.4) from /Users/albertoforni/.rvm/gems/ruby-2.1.0/specifications/builder-3.1.4.gemspec
I, [2014-01-25T19:07:27.514584 #41973]  INFO -- : 0:  activemodel (4.0.2) from /Users/albertoforni/.rvm/gems/ruby-2.1.0/specifications/activemodel-4.0.2.gemspec
I, [2014-01-25T19:07:27.514975 #41973]  INFO -- : 0:  activerecord-deprecated_finders (1.0.3) from /Users/albertoforni/.rvm/gems/ruby-2.1.0/specifications/activerecord-deprecated_finders-1.0.3.gemspec
I, [2014-01-25T19:07:27.515345 #41973]  INFO -- : 0:  arel (4.0.1) from /Users/albertoforni/.rvm/gems/ruby-2.1.0/specifications/arel-4.0.1.gemspec
I, [2014-01-25T19:07:27.515706 #41973]  INFO -- : 0:  activerecord (4.0.2) from /Users/albertoforni/.rvm/gems/ruby-2.1.0/specifications/activerecord-4.0.2.gemspec
I, [2014-01-25T19:07:27.516092 #41973]  INFO -- : 0:  backports (3.4.0) from /Users/albertoforni/.rvm/gems/ruby-2.1.0/specifications/backports-3.4.0.gemspec
I, [2014-01-25T19:07:27.516552 #41973]  INFO -- : 0:  coderay (1.1.0) from /Users/albertoforni/.rvm/gems/ruby-2.1.0/specifications/coderay-1.1.0.gemspec
I, [2014-01-25T19:07:27.516946 #41973]  INFO -- : 0:  columnize (0.3.6) from /Users/albertoforni/.rvm/gems/ruby-2.1.0/specifications/columnize-0.3.6.gemspec
I, [2014-01-25T19:07:27.517355 #41973]  INFO -- : 0:  debugger-linecache (1.2.0) from /Users/albertoforni/.rvm/gems/ruby-2.1.0/specifications/debugger-linecache-1.2.0.gemspec
I, [2014-01-25T19:07:27.517784 #41973]  INFO -- : 0:  debugger-ruby_core_source (1.3.1) from /Users/albertoforni/.rvm/gems/ruby-2.1.0/specifications/debugger-ruby_core_source-1.3.1.gemspec
I, [2014-01-25T19:07:27.518162 #41973]  INFO -- : 0:  debugger (1.6.5) from /Users/albertoforni/.rvm/gems/ruby-2.1.0/specifications/debugger-1.6.5.gemspec
I, [2014-01-25T19:07:27.518542 #41973]  INFO -- : 0:  method_source (0.8.2) from /Users/albertoforni/.rvm/gems/ruby-2.1.0/specifications/method_source-0.8.2.gemspec
I, [2014-01-25T19:07:27.518938 #41973]  INFO -- : 0:  pg (0.17.1) from /Users/albertoforni/.rvm/gems/ruby-2.1.0/specifications/pg-0.17.1.gemspec
I, [2014-01-25T19:07:27.519353 #41973]  INFO -- : 0:  slop (3.4.7) from /Users/albertoforni/.rvm/gems/ruby-2.1.0/specifications/slop-3.4.7.gemspec
I, [2014-01-25T19:07:27.519856 #41973]  INFO -- : 0:  pry (0.9.12.4) from /Users/albertoforni/.rvm/gems/ruby-2.1.0/specifications/pry-0.9.12.4.gemspec
I, [2014-01-25T19:07:27.520255 #41973]  INFO -- : 0:  pry-debugger (0.2.2) from /Users/albertoforni/.rvm/gems/ruby-2.1.0/specifications/pry-debugger-0.2.2.gemspec
I, [2014-01-25T19:07:27.520607 #41973]  INFO -- : 0:  rack (1.5.2) from /Users/albertoforni/.rvm/gems/ruby-2.1.0/specifications/rack-1.5.2.gemspec
I, [2014-01-25T19:07:27.521012 #41973]  INFO -- : 0:  rack-protection (1.5.1) from /Users/albertoforni/.rvm/gems/ruby-2.1.0/specifications/rack-protection-1.5.1.gemspec
I, [2014-01-25T19:07:27.521400 #41973]  INFO -- : 0:  rack-test (0.6.2) from /Users/albertoforni/.rvm/gems/ruby-2.1.0/specifications/rack-test-0.6.2.gemspec
I, [2014-01-25T19:07:27.521776 #41973]  INFO -- : 0:  tilt (1.4.1) from /Users/albertoforni/.rvm/gems/ruby-2.1.0/specifications/tilt-1.4.1.gemspec
I, [2014-01-25T19:07:27.522190 #41973]  INFO -- : 0:  sinatra (1.4.4) from /Users/albertoforni/.rvm/gems/ruby-2.1.0/specifications/sinatra-1.4.4.gemspec
I, [2014-01-25T19:07:27.522563 #41973]  INFO -- : 0:  sinatra-contrib (1.4.2) from /Users/albertoforni/.rvm/gems/ruby-2.1.0/specifications/sinatra-contrib-1.4.2.gemspec
I, [2014-01-25T19:07:27.522940 #41973]  INFO -- : 0:  sinatra-reloader (1.0) from /Users/albertoforni/.rvm/gems/ruby-2.1.0/specifications/sinatra-reloader-1.0.gemspec
I, [2014-01-25T19:07:27.523294 #41973]  INFO -- : 0:  bundler (1.5.1) from /Users/albertoforni/.rvm/gems/ruby-2.1.0@global/specifications/bundler-1.5.1.gemspec
